<?xml version="1.0" encoding="UTF-8"?>
<testng-results ignored="0" total="1" passed="1" failed="0" skipped="0">
  <reporter-output>
  </reporter-output>
  <suite started-at="2024-04-30T14:51:35 IST" name="Default suite" finished-at="2024-04-30T14:51:41 IST" duration-ms="6150">
    <groups>
    </groups>
    <test started-at="2024-04-30T14:51:35 IST" name="Default test" finished-at="2024-04-30T14:51:41 IST" duration-ms="6150">
      <class name="VerifyTitleHomepage">
        <test-method is-config="true" signature="bsconfig()[pri:0, instance:VerifyTitleHomepage@6d763516]" started-at="2024-04-30T14:51:35 IST" name="bsconfig" finished-at="2024-04-30T14:51:35 IST" duration-ms="11" status="PASS">
          <reporter-output>
          </reporter-output>
        </test-method> <!-- bsconfig -->
        <test-method is-config="true" signature="bcconfig()[pri:0, instance:VerifyTitleHomepage@6d763516]" started-at="2024-04-30T14:51:35 IST" name="bcconfig" finished-at="2024-04-30T14:51:39 IST" duration-ms="3743" status="PASS">
          <reporter-output>
          </reporter-output>
        </test-method> <!-- bcconfig -->
        <test-method is-config="true" signature="bmconfig()[pri:0, instance:VerifyTitleHomepage@6d763516]" started-at="2024-04-30T14:51:39 IST" name="bmconfig" finished-at="2024-04-30T14:51:40 IST" duration-ms="1004" status="PASS">
          <reporter-output>
          </reporter-output>
        </test-method> <!-- bmconfig -->
        <test-method signature="TC()[pri:0, instance:VerifyTitleHomepage@6d763516]" started-at="2024-04-30T14:51:40 IST" name="TC" finished-at="2024-04-30T14:51:40 IST" duration-ms="23" status="PASS">
          <reporter-output>
          </reporter-output>
        </test-method> <!-- TC -->
        <test-method is-config="true" signature="amconfig()[pri:0, instance:VerifyTitleHomepage@6d763516]" started-at="2024-04-30T14:51:40 IST" name="amconfig" finished-at="2024-04-30T14:51:40 IST" duration-ms="1" status="PASS">
          <reporter-output>
          </reporter-output>
        </test-method> <!-- amconfig -->
        <test-method is-config="true" signature="terDown()[pri:0, instance:VerifyTitleHomepage@6d763516]" started-at="2024-04-30T14:51:40 IST" name="terDown" finished-at="2024-04-30T14:51:41 IST" duration-ms="1330" status="PASS">
          <reporter-output>
          </reporter-output>
        </test-method> <!-- terDown -->
        <test-method is-config="true" signature="asconfig()[pri:0, instance:VerifyTitleHomepage@6d763516]" started-at="2024-04-30T14:51:41 IST" name="asconfig" finished-at="2024-04-30T14:51:41 IST" duration-ms="0" status="PASS">
          <reporter-output>
          </reporter-output>
        </test-method> <!-- asconfig -->
      </class> <!-- VerifyTitleHomepage -->
    </test> <!-- Default test -->
  </suite> <!-- Default suite -->
</testng-results>
